Microsoft (R) Macro Assembler Version 6.15.8803		    12/27/22 17:53:33
lab2							     Page 1 - 1


				; Гудимов Денис ПЗ-21-2 варіант 37
				; 
				; mx^2+n,  x>10
				; (m+n)*x, 5<x<=10
				; m^2+n^2, x<=5 

				TITLE lab2


				.386
 00000000			dseg segment para public 'data'

 = 00000006				n EQU 6
 00000000 0007 FFFD 000E		arr DW 7,-3,14,1,0,11
	   0001 0000 000B
 0000000C  00000006 [			count DB n dup(-1)
	    FF
	   ]
 00000012 02				a DB 2
 00000013 06				b DB 6
 00000014  00000006 [			y DW n dup (?)
	    0000
	   ]


 0020				dseg ends
 00000000			sseg segment para stack 'stack'
 00000000  00000040 [		    dw 64 dup(?)
	    0000
	   ]
 0080				sseg ends
 00000000			cseg segment para public 'code'
 00000000			_main proc far
				    assume ds:dseg, cs:cseg, ss:sseg

 00000000  1E			    push ds
 00000001  66| 2B C0		    sub ax,ax
 00000004  66| 50		    push ax
					
 00000006  B9 00000006			MOV ECX, N
 0000000B  BE 00000000			MOV ESI, 0
 00000010  E3 74			jecxz skip
 00000012				start:
 00000012  66| 83 BE			cmp [arr+esi],10	 
	   00000000 R 0A
 0000001A  7F 28			jg first	;
 0000001C  66| 83 BE			cmp [arr+esi],5
	   00000000 R 05
 00000024  7F 40			jg second ;=
					;tird
 00000026  A0 00000012 R		mov al, a	; al = 2, 2, 2
 0000002B  F6 2D 00000012 R		imul a 		; ax = 4, 4, 4
					
 00000031  66| 8B D8			mov bx,ax
 00000034  A0 00000013 R		mov al, b	; al = 6, 6, 6
 00000039  F6 2D 00000013 R		imul b 		; ax = 36, 36, 36
					
 0000003F  66| 03 C3			add ax,bx	; 40,40,40,40
 00000042  EB 36		 	jmp next
 00000044				first:
 00000044  A0 00000012 R			mov al, a	; al = 2
 00000049  66| 98				cbw
 0000004B  66| F7 AE				imul [arr+esi]	; al = 22
	   00000000 R
 00000052  66| F7 AE				imul [arr+esi]	; al = 242
	   00000000 R
 00000059  66| 0F BE 1D				movsx bx,b
	   00000013 R
 00000061  66| 03 C3				add ax,bx	; al = 248
 00000064  EB 14			jmp next
 00000066				second:
 00000066  A0 00000012 R			mov al,a 	;al = 2
 0000006B  02 05 00000013 R			add al,b	;al = 2+6=8
 00000071  66| 98				cbw
 00000073  66| F7 AE				imul [arr+esi]	;al = 8*7=56
	   00000000 R
						
 0000007A				next:
 0000007A  66| 89 86			mov [y+esi],ax	  ; 56, 40, 40, 40, 40, 248
	   00000014 R
 00000081  83 C6 02			add esi, 2   ;збільшуємо на 2, бо масив розміром DW
 00000084  E2 8C			loop start 
 00000086				skip:
 00000086  CB				ret
 00000087			_main ENDP
 0087				cseg	ends
					END _main
Microsoft (R) Macro Assembler Version 6.15.8803		    12/27/22 17:53:33
lab2							     Symbols 2 - 1




Segments and Groups:

                N a m e                 Size     Length   Align   Combine Class

cseg . . . . . . . . . . . . . .	32 Bit	 0087	  Para	  Public  'CODE'	
dseg . . . . . . . . . . . . . .	32 Bit	 0020	  Para	  Public  'DATA'	
sseg . . . . . . . . . . . . . .	32 Bit	 0080	  Para	  Stack	  'STACK'	 


Procedures,  parameters and locals:

                N a m e                 Type     Value    Attr

_main  . . . . . . . . . . . . .	P Far	 0000	  cseg	Length= 0087 Public
  start  . . . . . . . . . . . .	L Near	 0012	  cseg	
  first  . . . . . . . . . . . .	L Near	 0044	  cseg	
  second . . . . . . . . . . . .	L Near	 0066	  cseg	
  next . . . . . . . . . . . . .	L Near	 007A	  cseg	
  skip . . . . . . . . . . . . .	L Near	 0086	  cseg	


Symbols:

                N a m e                 Type     Value    Attr

arr  . . . . . . . . . . . . . .	Word	 0000	  dseg	
a  . . . . . . . . . . . . . . .	Byte	 0012	  dseg	
b  . . . . . . . . . . . . . . .	Byte	 0013	  dseg	
count  . . . . . . . . . . . . .	Byte	 000C	  dseg	
n  . . . . . . . . . . . . . . .	Number	 0006h	 
y  . . . . . . . . . . . . . . .	Word	 0014	  dseg	

	   0 Warnings
	   0 Errors
